{"C:\\Users\\prita\\OneDrive\\Desktop\\SMART-QUEUE\\backend\\src\\app.js": {"path":"C:\\Users\\prita\\OneDrive\\Desktop\\SMART-QUEUE\\backend\\src\\app.js","statementMap":{"0":{"start":{"line":1,"column":16},"end":{"line":1,"column":34}},"1":{"start":{"line":2,"column":13},"end":{"line":2,"column":28}},"2":{"start":{"line":3,"column":15},"end":{"line":3,"column":32}},"3":{"start":{"line":4,"column":12},"end":{"line":4,"column":21}},"4":{"start":{"line":6,"column":19},"end":{"line":6,"column":50}},"5":{"start":{"line":7,"column":21},"end":{"line":7,"column":54}},"6":{"start":{"line":8,"column":20},"end":{"line":8,"column":52}},"7":{"start":{"line":9,"column":23},"end":{"line":9,"column":58}},"8":{"start":{"line":10,"column":25},"end":{"line":10,"column":62}},"9":{"start":{"line":11,"column":19},"end":{"line":11,"column":50}},"10":{"start":{"line":14,"column":0},"end":{"line":14,"column":16}},"11":{"start":{"line":15,"column":0},"end":{"line":15,"column":24}},"12":{"start":{"line":16,"column":0},"end":{"line":16,"column":23}},"13":{"start":{"line":19,"column":0},"end":{"line":19,"column":33}},"14":{"start":{"line":20,"column":0},"end":{"line":20,"column":38}},"15":{"start":{"line":21,"column":0},"end":{"line":21,"column":36}},"16":{"start":{"line":22,"column":0},"end":{"line":22,"column":42}},"17":{"start":{"line":23,"column":0},"end":{"line":23,"column":46}},"18":{"start":{"line":24,"column":0},"end":{"line":24,"column":34}},"19":{"start":{"line":27,"column":0},"end":{"line":32,"column":3}},"20":{"start":{"line":28,"column":4},"end":{"line":31,"column":7}},"21":{"start":{"line":34,"column":0},"end":{"line":34,"column":21}}},"fnMap":{"0":{"name":"(anonymous_0)","decl":{"start":{"line":27,"column":23},"end":{"line":27,"column":24}},"loc":{"start":{"line":27,"column":37},"end":{"line":32,"column":1}},"line":27}},"branchMap":{},"s":{"0":4,"1":4,"2":4,"3":4,"4":4,"5":4,"6":4,"7":4,"8":4,"9":4,"10":4,"11":4,"12":4,"13":4,"14":4,"15":4,"16":4,"17":4,"18":4,"19":4,"20":2,"21":4},"f":{"0":2},"b":{},"_coverageSchema":"1a1c01bbd47fc00a2c39e90264f33305004495a9","hash":"e7a6dc195c44f0b2d796a70725b356d68c9e741f"}
,"C:\\Users\\prita\\OneDrive\\Desktop\\SMART-QUEUE\\backend\\src\\config\\database.js": {"path":"C:\\Users\\prita\\OneDrive\\Desktop\\SMART-QUEUE\\backend\\src\\config\\database.js","statementMap":{"0":{"start":{"line":1,"column":22},"end":{"line":1,"column":42}},"1":{"start":{"line":2,"column":0},"end":{"line":2,"column":27}},"2":{"start":{"line":4,"column":18},"end":{"line":14,"column":1}},"3":{"start":{"line":16,"column":0},"end":{"line":16,"column":27}}},"fnMap":{},"branchMap":{},"s":{"0":5,"1":5,"2":5,"3":5},"f":{},"b":{},"_coverageSchema":"1a1c01bbd47fc00a2c39e90264f33305004495a9","hash":"c459b8790207ff51573aef22b166baa11f5ca529"}
,"C:\\Users\\prita\\OneDrive\\Desktop\\SMART-QUEUE\\backend\\src\\controllers\\auth.controller.js": {"path":"C:\\Users\\prita\\OneDrive\\Desktop\\SMART-QUEUE\\backend\\src\\controllers\\auth.controller.js","statementMap":{"0":{"start":{"line":1,"column":15},"end":{"line":1,"column":32}},"1":{"start":{"line":2,"column":12},"end":{"line":2,"column":35}},"2":{"start":{"line":3,"column":17},"end":{"line":3,"column":37}},"3":{"start":{"line":8,"column":17},"end":{"line":60,"column":1}},"4":{"start":{"line":9,"column":2},"end":{"line":59,"column":3}},"5":{"start":{"line":10,"column":38},"end":{"line":10,"column":46}},"6":{"start":{"line":12,"column":0},"end":{"line":17,"column":1}},"7":{"start":{"line":13,"column":2},"end":{"line":16,"column":5}},"8":{"start":{"line":20,"column":25},"end":{"line":22,"column":6}},"9":{"start":{"line":24,"column":4},"end":{"line":29,"column":5}},"10":{"start":{"line":25,"column":6},"end":{"line":28,"column":9}},"11":{"start":{"line":32,"column":27},"end":{"line":32,"column":58}},"12":{"start":{"line":35,"column":17},"end":{"line":39,"column":6}},"13":{"start":{"line":42,"column":4},"end":{"line":52,"column":7}},"14":{"start":{"line":54,"column":4},"end":{"line":54,"column":44}},"15":{"start":{"line":55,"column":4},"end":{"line":58,"column":7}},"16":{"start":{"line":65,"column":14},"end":{"line":123,"column":1}},"17":{"start":{"line":66,"column":2},"end":{"line":122,"column":3}},"18":{"start":{"line":67,"column":32},"end":{"line":67,"column":40}},"19":{"start":{"line":70,"column":4},"end":{"line":75,"column":5}},"20":{"start":{"line":71,"column":6},"end":{"line":74,"column":9}},"21":{"start":{"line":78,"column":17},"end":{"line":78,"column":57}},"22":{"start":{"line":79,"column":4},"end":{"line":84,"column":5}},"23":{"start":{"line":80,"column":6},"end":{"line":83,"column":9}},"24":{"start":{"line":87,"column":28},"end":{"line":87,"column":73}},"25":{"start":{"line":88,"column":4},"end":{"line":93,"column":5}},"26":{"start":{"line":89,"column":6},"end":{"line":92,"column":9}},"27":{"start":{"line":96,"column":18},"end":{"line":100,"column":5}},"28":{"start":{"line":103,"column":4},"end":{"line":114,"column":7}},"29":{"start":{"line":117,"column":4},"end":{"line":117,"column":41}},"30":{"start":{"line":118,"column":4},"end":{"line":121,"column":7}},"31":{"start":{"line":128,"column":0},"end":{"line":131,"column":2}}},"fnMap":{"0":{"name":"(anonymous_0)","decl":{"start":{"line":8,"column":17},"end":{"line":8,"column":18}},"loc":{"start":{"line":8,"column":37},"end":{"line":60,"column":1}},"line":8},"1":{"name":"(anonymous_1)","decl":{"start":{"line":65,"column":14},"end":{"line":65,"column":15}},"loc":{"start":{"line":65,"column":34},"end":{"line":123,"column":1}},"line":65}},"branchMap":{"0":{"loc":{"start":{"line":12,"column":0},"end":{"line":17,"column":1}},"type":"if","locations":[{"start":{"line":12,"column":0},"end":{"line":17,"column":1}},{"start":{},"end":{}}],"line":12},"1":{"loc":{"start":{"line":12,"column":4},"end":{"line":12,"column":32}},"type":"binary-expr","locations":[{"start":{"line":12,"column":4},"end":{"line":12,"column":9}},{"start":{"line":12,"column":13},"end":{"line":12,"column":19}},{"start":{"line":12,"column":23},"end":{"line":12,"column":32}}],"line":12},"2":{"loc":{"start":{"line":24,"column":4},"end":{"line":29,"column":5}},"type":"if","locations":[{"start":{"line":24,"column":4},"end":{"line":29,"column":5}},{"start":{},"end":{}}],"line":24},"3":{"loc":{"start":{"line":70,"column":4},"end":{"line":75,"column":5}},"type":"if","locations":[{"start":{"line":70,"column":4},"end":{"line":75,"column":5}},{"start":{},"end":{}}],"line":70},"4":{"loc":{"start":{"line":70,"column":8},"end":{"line":70,"column":27}},"type":"binary-expr","locations":[{"start":{"line":70,"column":8},"end":{"line":70,"column":14}},{"start":{"line":70,"column":18},"end":{"line":70,"column":27}}],"line":70},"5":{"loc":{"start":{"line":79,"column":4},"end":{"line":84,"column":5}},"type":"if","locations":[{"start":{"line":79,"column":4},"end":{"line":84,"column":5}},{"start":{},"end":{}}],"line":79},"6":{"loc":{"start":{"line":88,"column":4},"end":{"line":93,"column":5}},"type":"if","locations":[{"start":{"line":88,"column":4},"end":{"line":93,"column":5}},{"start":{},"end":{}}],"line":88},"7":{"loc":{"start":{"line":99,"column":19},"end":{"line":99,"column":54}},"type":"binary-expr","locations":[{"start":{"line":99,"column":19},"end":{"line":99,"column":45}},{"start":{"line":99,"column":49},"end":{"line":99,"column":54}}],"line":99}},"s":{"0":4,"1":4,"2":4,"3":4,"4":7,"5":7,"6":7,"7":4,"8":3,"9":2,"10":1,"11":1,"12":1,"13":1,"14":1,"15":1,"16":4,"17":7,"18":7,"19":7,"20":2,"21":5,"22":4,"23":1,"24":3,"25":3,"26":1,"27":2,"28":2,"29":1,"30":1,"31":4},"f":{"0":7,"1":7},"b":{"0":[4,3],"1":[7,6,4],"2":[1,1],"3":[2,5],"4":[7,6],"5":[1,3],"6":[1,2],"7":[2,1]},"_coverageSchema":"1a1c01bbd47fc00a2c39e90264f33305004495a9","hash":"2874b32fd77c55473a0aef4bc30896f5b7afe416"}
,"C:\\Users\\prita\\OneDrive\\Desktop\\SMART-QUEUE\\backend\\src\\controllers\\department.controller.js": {"path":"C:\\Users\\prita\\OneDrive\\Desktop\\SMART-QUEUE\\backend\\src\\controllers\\department.controller.js","statementMap":{"0":{"start":{"line":1,"column":23},"end":{"line":1,"column":43}},"1":{"start":{"line":4,"column":23},"end":{"line":22,"column":1}},"2":{"start":{"line":5,"column":2},"end":{"line":21,"column":3}},"3":{"start":{"line":6,"column":24},"end":{"line":9,"column":6}},"4":{"start":{"line":11,"column":4},"end":{"line":14,"column":7}},"5":{"start":{"line":16,"column":4},"end":{"line":16,"column":51}},"6":{"start":{"line":17,"column":4},"end":{"line":20,"column":7}},"7":{"start":{"line":24,"column":0},"end":{"line":26,"column":2}}},"fnMap":{"0":{"name":"(anonymous_0)","decl":{"start":{"line":4,"column":23},"end":{"line":4,"column":24}},"loc":{"start":{"line":4,"column":43},"end":{"line":22,"column":1}},"line":4}},"branchMap":{},"s":{"0":4,"1":4,"2":0,"3":0,"4":0,"5":0,"6":0,"7":4},"f":{"0":0},"b":{},"_coverageSchema":"1a1c01bbd47fc00a2c39e90264f33305004495a9","hash":"af52b7a98fe9f2d4c27f448b5ee61b5373e6a242"}
,"C:\\Users\\prita\\OneDrive\\Desktop\\SMART-QUEUE\\backend\\src\\controllers\\hospital.controller.js": {"path":"C:\\Users\\prita\\OneDrive\\Desktop\\SMART-QUEUE\\backend\\src\\controllers\\hospital.controller.js","statementMap":{"0":{"start":{"line":1,"column":23},"end":{"line":1,"column":43}},"1":{"start":{"line":4,"column":21},"end":{"line":91,"column":1}},"2":{"start":{"line":5,"column":2},"end":{"line":90,"column":3}},"3":{"start":{"line":6,"column":20},"end":{"line":6,"column":77}},"4":{"start":{"line":9,"column":20},"end":{"line":9,"column":22}},"5":{"start":{"line":10,"column":4},"end":{"line":12,"column":7}},"6":{"start":{"line":11,"column":6},"end":{"line":11,"column":29}},"7":{"start":{"line":14,"column":22},"end":{"line":78,"column":5}},"8":{"start":{"line":31,"column":22},"end":{"line":31,"column":26}},"9":{"start":{"line":47,"column":22},"end":{"line":47,"column":26}},"10":{"start":{"line":62,"column":22},"end":{"line":62,"column":26}},"11":{"start":{"line":76,"column":22},"end":{"line":76,"column":26}},"12":{"start":{"line":80,"column":4},"end":{"line":83,"column":7}},"13":{"start":{"line":85,"column":4},"end":{"line":85,"column":49}},"14":{"start":{"line":86,"column":4},"end":{"line":89,"column":7}},"15":{"start":{"line":93,"column":0},"end":{"line":95,"column":2}}},"fnMap":{"0":{"name":"(anonymous_0)","decl":{"start":{"line":4,"column":21},"end":{"line":4,"column":22}},"loc":{"start":{"line":4,"column":41},"end":{"line":91,"column":1}},"line":4},"1":{"name":"(anonymous_1)","decl":{"start":{"line":10,"column":20},"end":{"line":10,"column":21}},"loc":{"start":{"line":10,"column":25},"end":{"line":12,"column":5}},"line":10},"2":{"name":"(anonymous_2)","decl":{"start":{"line":31,"column":17},"end":{"line":31,"column":18}},"loc":{"start":{"line":31,"column":22},"end":{"line":31,"column":26}},"line":31},"3":{"name":"(anonymous_3)","decl":{"start":{"line":47,"column":17},"end":{"line":47,"column":18}},"loc":{"start":{"line":47,"column":22},"end":{"line":47,"column":26}},"line":47},"4":{"name":"(anonymous_4)","decl":{"start":{"line":62,"column":17},"end":{"line":62,"column":18}},"loc":{"start":{"line":62,"column":22},"end":{"line":62,"column":26}},"line":62},"5":{"name":"(anonymous_5)","decl":{"start":{"line":76,"column":17},"end":{"line":76,"column":18}},"loc":{"start":{"line":76,"column":22},"end":{"line":76,"column":26}},"line":76}},"branchMap":{},"s":{"0":4,"1":4,"2":0,"3":0,"4":0,"5":0,"6":0,"7":0,"8":0,"9":0,"10":0,"11":0,"12":0,"13":0,"14":0,"15":4},"f":{"0":0,"1":0,"2":0,"3":0,"4":0,"5":0},"b":{},"_coverageSchema":"1a1c01bbd47fc00a2c39e90264f33305004495a9","hash":"91a0ca56d0028457392eac68802a20311ac966af"}
,"C:\\Users\\prita\\OneDrive\\Desktop\\SMART-QUEUE\\backend\\src\\controllers\\queue.controller.js": {"path":"C:\\Users\\prita\\OneDrive\\Desktop\\SMART-QUEUE\\backend\\src\\controllers\\queue.controller.js","statementMap":{"0":{"start":{"line":1,"column":19},"end":{"line":1,"column":39}},"1":{"start":{"line":3,"column":25},"end":{"line":30,"column":1}},"2":{"start":{"line":4,"column":2},"end":{"line":29,"column":3}},"3":{"start":{"line":5,"column":29},"end":{"line":5,"column":39}},"4":{"start":{"line":7,"column":19},"end":{"line":10,"column":6}},"5":{"start":{"line":12,"column":4},"end":{"line":17,"column":5}},"6":{"start":{"line":13,"column":6},"end":{"line":16,"column":9}},"7":{"start":{"line":19,"column":4},"end":{"line":22,"column":7}},"8":{"start":{"line":24,"column":4},"end":{"line":24,"column":54}},"9":{"start":{"line":25,"column":4},"end":{"line":28,"column":7}},"10":{"start":{"line":32,"column":26},"end":{"line":52,"column":1}},"11":{"start":{"line":33,"column":2},"end":{"line":51,"column":3}},"12":{"start":{"line":34,"column":29},"end":{"line":34,"column":39}},"13":{"start":{"line":36,"column":20},"end":{"line":39,"column":6}},"14":{"start":{"line":41,"column":4},"end":{"line":44,"column":7}},"15":{"start":{"line":46,"column":4},"end":{"line":46,"column":55}},"16":{"start":{"line":47,"column":4},"end":{"line":50,"column":7}},"17":{"start":{"line":54,"column":24},"end":{"line":91,"column":1}},"18":{"start":{"line":55,"column":2},"end":{"line":90,"column":3}},"19":{"start":{"line":56,"column":29},"end":{"line":56,"column":39}},"20":{"start":{"line":58,"column":19},"end":{"line":61,"column":6}},"21":{"start":{"line":63,"column":4},"end":{"line":68,"column":5}},"22":{"start":{"line":64,"column":6},"end":{"line":67,"column":9}},"23":{"start":{"line":70,"column":4},"end":{"line":70,"column":30}},"24":{"start":{"line":71,"column":4},"end":{"line":71,"column":24}},"25":{"start":{"line":74,"column":15},"end":{"line":74,"column":35}},"26":{"start":{"line":75,"column":4},"end":{"line":78,"column":5}},"27":{"start":{"line":76,"column":6},"end":{"line":76,"column":66}},"28":{"start":{"line":77,"column":6},"end":{"line":77,"column":82}},"29":{"start":{"line":80,"column":4},"end":{"line":83,"column":7}},"30":{"start":{"line":85,"column":4},"end":{"line":85,"column":53}},"31":{"start":{"line":86,"column":4},"end":{"line":89,"column":7}},"32":{"start":{"line":93,"column":31},"end":{"line":131,"column":1}},"33":{"start":{"line":94,"column":2},"end":{"line":130,"column":3}},"34":{"start":{"line":95,"column":29},"end":{"line":95,"column":39}},"35":{"start":{"line":97,"column":19},"end":{"line":100,"column":6}},"36":{"start":{"line":102,"column":4},"end":{"line":107,"column":5}},"37":{"start":{"line":103,"column":6},"end":{"line":106,"column":9}},"38":{"start":{"line":109,"column":4},"end":{"line":109,"column":32}},"39":{"start":{"line":110,"column":4},"end":{"line":110,"column":24}},"40":{"start":{"line":113,"column":15},"end":{"line":113,"column":35}},"41":{"start":{"line":114,"column":4},"end":{"line":117,"column":5}},"42":{"start":{"line":115,"column":6},"end":{"line":115,"column":66}},"43":{"start":{"line":116,"column":6},"end":{"line":116,"column":82}},"44":{"start":{"line":119,"column":4},"end":{"line":123,"column":7}},"45":{"start":{"line":125,"column":4},"end":{"line":125,"column":60}},"46":{"start":{"line":126,"column":4},"end":{"line":129,"column":7}},"47":{"start":{"line":133,"column":0},"end":{"line":138,"column":2}}},"fnMap":{"0":{"name":"(anonymous_0)","decl":{"start":{"line":3,"column":25},"end":{"line":3,"column":26}},"loc":{"start":{"line":3,"column":45},"end":{"line":30,"column":1}},"line":3},"1":{"name":"(anonymous_1)","decl":{"start":{"line":32,"column":26},"end":{"line":32,"column":27}},"loc":{"start":{"line":32,"column":46},"end":{"line":52,"column":1}},"line":32},"2":{"name":"(anonymous_2)","decl":{"start":{"line":54,"column":24},"end":{"line":54,"column":25}},"loc":{"start":{"line":54,"column":44},"end":{"line":91,"column":1}},"line":54},"3":{"name":"(anonymous_3)","decl":{"start":{"line":93,"column":31},"end":{"line":93,"column":32}},"loc":{"start":{"line":93,"column":51},"end":{"line":131,"column":1}},"line":93}},"branchMap":{"0":{"loc":{"start":{"line":12,"column":4},"end":{"line":17,"column":5}},"type":"if","locations":[{"start":{"line":12,"column":4},"end":{"line":17,"column":5}},{"start":{},"end":{}}],"line":12},"1":{"loc":{"start":{"line":63,"column":4},"end":{"line":68,"column":5}},"type":"if","locations":[{"start":{"line":63,"column":4},"end":{"line":68,"column":5}},{"start":{},"end":{}}],"line":63},"2":{"loc":{"start":{"line":75,"column":4},"end":{"line":78,"column":5}},"type":"if","locations":[{"start":{"line":75,"column":4},"end":{"line":78,"column":5}},{"start":{},"end":{}}],"line":75},"3":{"loc":{"start":{"line":102,"column":4},"end":{"line":107,"column":5}},"type":"if","locations":[{"start":{"line":102,"column":4},"end":{"line":107,"column":5}},{"start":{},"end":{}}],"line":102},"4":{"loc":{"start":{"line":114,"column":4},"end":{"line":117,"column":5}},"type":"if","locations":[{"start":{"line":114,"column":4},"end":{"line":117,"column":5}},{"start":{},"end":{}}],"line":114}},"s":{"0":4,"1":4,"2":3,"3":3,"4":3,"5":2,"6":1,"7":1,"8":1,"9":1,"10":4,"11":3,"12":3,"13":3,"14":2,"15":1,"16":1,"17":4,"18":3,"19":3,"20":3,"21":2,"22":1,"23":1,"24":1,"25":1,"26":1,"27":0,"28":0,"29":1,"30":1,"31":1,"32":4,"33":3,"34":3,"35":3,"36":2,"37":1,"38":1,"39":1,"40":1,"41":1,"42":0,"43":0,"44":1,"45":1,"46":1,"47":4},"f":{"0":3,"1":3,"2":3,"3":3},"b":{"0":[1,1],"1":[1,1],"2":[0,1],"3":[1,1],"4":[0,1]},"_coverageSchema":"1a1c01bbd47fc00a2c39e90264f33305004495a9","hash":"d28106c84fd56e03a9a7d58267fd3c1003ce8f6a"}
,"C:\\Users\\prita\\OneDrive\\Desktop\\SMART-QUEUE\\backend\\src\\controllers\\ticket.controller.js": {"path":"C:\\Users\\prita\\OneDrive\\Desktop\\SMART-QUEUE\\backend\\src\\controllers\\ticket.controller.js","statementMap":{"0":{"start":{"line":1,"column":31},"end":{"line":1,"column":51}},"1":{"start":{"line":2,"column":23},"end":{"line":2,"column":38}},"2":{"start":{"line":7,"column":23},"end":{"line":55,"column":1}},"3":{"start":{"line":8,"column":2},"end":{"line":54,"column":3}},"4":{"start":{"line":9,"column":29},"end":{"line":9,"column":37}},"5":{"start":{"line":11,"column":4},"end":{"line":16,"column":5}},"6":{"start":{"line":12,"column":6},"end":{"line":15,"column":9}},"7":{"start":{"line":19,"column":23},"end":{"line":19,"column":62}},"8":{"start":{"line":20,"column":4},"end":{"line":25,"column":5}},"9":{"start":{"line":21,"column":6},"end":{"line":24,"column":9}},"10":{"start":{"line":28,"column":25},"end":{"line":28,"column":88}},"11":{"start":{"line":30,"column":19},"end":{"line":35,"column":6}},"12":{"start":{"line":38,"column":15},"end":{"line":38,"column":35}},"13":{"start":{"line":39,"column":4},"end":{"line":41,"column":5}},"14":{"start":{"line":40,"column":6},"end":{"line":40,"column":82}},"15":{"start":{"line":43,"column":4},"end":{"line":47,"column":7}},"16":{"start":{"line":49,"column":4},"end":{"line":49,"column":51}},"17":{"start":{"line":50,"column":4},"end":{"line":53,"column":7}},"18":{"start":{"line":60,"column":21},"end":{"line":78,"column":1}},"19":{"start":{"line":61,"column":2},"end":{"line":77,"column":3}},"20":{"start":{"line":62,"column":20},"end":{"line":65,"column":6}},"21":{"start":{"line":67,"column":4},"end":{"line":70,"column":7}},"22":{"start":{"line":72,"column":4},"end":{"line":72,"column":50}},"23":{"start":{"line":73,"column":4},"end":{"line":76,"column":7}},"24":{"start":{"line":83,"column":22},"end":{"line":108,"column":1}},"25":{"start":{"line":84,"column":2},"end":{"line":107,"column":3}},"26":{"start":{"line":85,"column":19},"end":{"line":85,"column":29}},"27":{"start":{"line":87,"column":19},"end":{"line":89,"column":6}},"28":{"start":{"line":90,"column":4},"end":{"line":95,"column":5}},"29":{"start":{"line":91,"column":6},"end":{"line":94,"column":9}},"30":{"start":{"line":97,"column":4},"end":{"line":100,"column":7}},"31":{"start":{"line":102,"column":4},"end":{"line":102,"column":52}},"32":{"start":{"line":103,"column":4},"end":{"line":106,"column":7}},"33":{"start":{"line":113,"column":22},"end":{"line":136,"column":1}},"34":{"start":{"line":114,"column":2},"end":{"line":135,"column":3}},"35":{"start":{"line":115,"column":37},"end":{"line":115,"column":46}},"36":{"start":{"line":116,"column":18},"end":{"line":116,"column":20}},"37":{"start":{"line":117,"column":4},"end":{"line":117,"column":38}},"38":{"start":{"line":117,"column":16},"end":{"line":117,"column":38}},"39":{"start":{"line":118,"column":4},"end":{"line":118,"column":56}},"40":{"start":{"line":118,"column":22},"end":{"line":118,"column":56}},"41":{"start":{"line":120,"column":20},"end":{"line":123,"column":6}},"42":{"start":{"line":125,"column":4},"end":{"line":128,"column":7}},"43":{"start":{"line":130,"column":4},"end":{"line":130,"column":51}},"44":{"start":{"line":131,"column":4},"end":{"line":134,"column":7}},"45":{"start":{"line":141,"column":27},"end":{"line":183,"column":1}},"46":{"start":{"line":142,"column":2},"end":{"line":182,"column":3}},"47":{"start":{"line":143,"column":19},"end":{"line":143,"column":29}},"48":{"start":{"line":144,"column":23},"end":{"line":144,"column":31}},"49":{"start":{"line":146,"column":4},"end":{"line":151,"column":5}},"50":{"start":{"line":147,"column":6},"end":{"line":150,"column":9}},"51":{"start":{"line":153,"column":19},"end":{"line":153,"column":44}},"52":{"start":{"line":154,"column":4},"end":{"line":159,"column":5}},"53":{"start":{"line":155,"column":6},"end":{"line":158,"column":9}},"54":{"start":{"line":161,"column":4},"end":{"line":161,"column":27}},"55":{"start":{"line":162,"column":4},"end":{"line":162,"column":24}},"56":{"start":{"line":165,"column":15},"end":{"line":165,"column":35}},"57":{"start":{"line":166,"column":4},"end":{"line":169,"column":5}},"58":{"start":{"line":167,"column":6},"end":{"line":167,"column":66}},"59":{"start":{"line":168,"column":6},"end":{"line":168,"column":110}},"60":{"start":{"line":171,"column":4},"end":{"line":175,"column":7}},"61":{"start":{"line":177,"column":4},"end":{"line":177,"column":56}},"62":{"start":{"line":178,"column":4},"end":{"line":181,"column":7}},"63":{"start":{"line":188,"column":0},"end":{"line":194,"column":2}}},"fnMap":{"0":{"name":"(anonymous_0)","decl":{"start":{"line":7,"column":23},"end":{"line":7,"column":24}},"loc":{"start":{"line":7,"column":43},"end":{"line":55,"column":1}},"line":7},"1":{"name":"(anonymous_1)","decl":{"start":{"line":60,"column":21},"end":{"line":60,"column":22}},"loc":{"start":{"line":60,"column":41},"end":{"line":78,"column":1}},"line":60},"2":{"name":"(anonymous_2)","decl":{"start":{"line":83,"column":22},"end":{"line":83,"column":23}},"loc":{"start":{"line":83,"column":42},"end":{"line":108,"column":1}},"line":83},"3":{"name":"(anonymous_3)","decl":{"start":{"line":113,"column":22},"end":{"line":113,"column":23}},"loc":{"start":{"line":113,"column":42},"end":{"line":136,"column":1}},"line":113},"4":{"name":"(anonymous_4)","decl":{"start":{"line":141,"column":27},"end":{"line":141,"column":28}},"loc":{"start":{"line":141,"column":47},"end":{"line":183,"column":1}},"line":141}},"branchMap":{"0":{"loc":{"start":{"line":11,"column":4},"end":{"line":16,"column":5}},"type":"if","locations":[{"start":{"line":11,"column":4},"end":{"line":16,"column":5}},{"start":{},"end":{}}],"line":11},"1":{"loc":{"start":{"line":20,"column":4},"end":{"line":25,"column":5}},"type":"if","locations":[{"start":{"line":20,"column":4},"end":{"line":25,"column":5}},{"start":{},"end":{}}],"line":20},"2":{"loc":{"start":{"line":39,"column":4},"end":{"line":41,"column":5}},"type":"if","locations":[{"start":{"line":39,"column":4},"end":{"line":41,"column":5}},{"start":{},"end":{}}],"line":39},"3":{"loc":{"start":{"line":90,"column":4},"end":{"line":95,"column":5}},"type":"if","locations":[{"start":{"line":90,"column":4},"end":{"line":95,"column":5}},{"start":{},"end":{}}],"line":90},"4":{"loc":{"start":{"line":117,"column":4},"end":{"line":117,"column":38}},"type":"if","locations":[{"start":{"line":117,"column":4},"end":{"line":117,"column":38}},{"start":{},"end":{}}],"line":117},"5":{"loc":{"start":{"line":118,"column":4},"end":{"line":118,"column":56}},"type":"if","locations":[{"start":{"line":118,"column":4},"end":{"line":118,"column":56}},{"start":{},"end":{}}],"line":118},"6":{"loc":{"start":{"line":146,"column":4},"end":{"line":151,"column":5}},"type":"if","locations":[{"start":{"line":146,"column":4},"end":{"line":151,"column":5}},{"start":{},"end":{}}],"line":146},"7":{"loc":{"start":{"line":154,"column":4},"end":{"line":159,"column":5}},"type":"if","locations":[{"start":{"line":154,"column":4},"end":{"line":159,"column":5}},{"start":{},"end":{}}],"line":154},"8":{"loc":{"start":{"line":166,"column":4},"end":{"line":169,"column":5}},"type":"if","locations":[{"start":{"line":166,"column":4},"end":{"line":169,"column":5}},{"start":{},"end":{}}],"line":166}},"s":{"0":5,"1":5,"2":5,"3":5,"4":5,"5":5,"6":1,"7":4,"8":3,"9":1,"10":2,"11":2,"12":2,"13":2,"14":0,"15":2,"16":1,"17":1,"18":5,"19":3,"20":3,"21":2,"22":1,"23":1,"24":5,"25":4,"26":4,"27":4,"28":3,"29":2,"30":1,"31":1,"32":1,"33":5,"34":0,"35":0,"36":0,"37":0,"38":0,"39":0,"40":0,"41":0,"42":0,"43":0,"44":0,"45":5,"46":0,"47":0,"48":0,"49":0,"50":0,"51":0,"52":0,"53":0,"54":0,"55":0,"56":0,"57":0,"58":0,"59":0,"60":0,"61":0,"62":0,"63":5},"f":{"0":5,"1":3,"2":4,"3":0,"4":0},"b":{"0":[1,4],"1":[1,2],"2":[0,2],"3":[2,1],"4":[0,0],"5":[0,0],"6":[0,0],"7":[0,0],"8":[0,0]},"_coverageSchema":"1a1c01bbd47fc00a2c39e90264f33305004495a9","hash":"d839ffef6b4894cf00f5c95a557ef6b1fa7acf08"}
,"C:\\Users\\prita\\OneDrive\\Desktop\\SMART-QUEUE\\backend\\src\\controllers\\user.controller.js": {"path":"C:\\Users\\prita\\OneDrive\\Desktop\\SMART-QUEUE\\backend\\src\\controllers\\user.controller.js","statementMap":{"0":{"start":{"line":1,"column":17},"end":{"line":1,"column":37}},"1":{"start":{"line":2,"column":15},"end":{"line":2,"column":35}},"2":{"start":{"line":4,"column":22},"end":{"line":108,"column":1}},"3":{"start":{"line":5,"column":2},"end":{"line":107,"column":3}},"4":{"start":{"line":6,"column":19},"end":{"line":6,"column":30}},"5":{"start":{"line":9,"column":40},"end":{"line":9,"column":48}},"6":{"start":{"line":11,"column":4},"end":{"line":16,"column":5}},"7":{"start":{"line":12,"column":6},"end":{"line":15,"column":9}},"8":{"start":{"line":19,"column":28},"end":{"line":19,"column":54}},"9":{"start":{"line":22,"column":4},"end":{"line":30,"column":5}},"10":{"start":{"line":23,"column":24},"end":{"line":23,"column":41}},"11":{"start":{"line":24,"column":6},"end":{"line":29,"column":7}},"12":{"start":{"line":25,"column":8},"end":{"line":28,"column":11}},"13":{"start":{"line":33,"column":30},"end":{"line":38,"column":6}},"14":{"start":{"line":40,"column":4},"end":{"line":45,"column":5}},"15":{"start":{"line":41,"column":6},"end":{"line":44,"column":9}},"16":{"start":{"line":48,"column":28},"end":{"line":48,"column":73}},"17":{"start":{"line":49,"column":4},"end":{"line":63,"column":5}},"18":{"start":{"line":50,"column":32},"end":{"line":55,"column":8}},"19":{"start":{"line":57,"column":6},"end":{"line":62,"column":7}},"20":{"start":{"line":58,"column":8},"end":{"line":61,"column":11}},"21":{"start":{"line":66,"column":17},"end":{"line":66,"column":44}},"22":{"start":{"line":67,"column":4},"end":{"line":72,"column":5}},"23":{"start":{"line":68,"column":6},"end":{"line":71,"column":9}},"24":{"start":{"line":75,"column":4},"end":{"line":75,"column":28}},"25":{"start":{"line":76,"column":4},"end":{"line":76,"column":33}},"26":{"start":{"line":77,"column":4},"end":{"line":77,"column":33}},"27":{"start":{"line":78,"column":4},"end":{"line":78,"column":92}},"28":{"start":{"line":80,"column":4},"end":{"line":80,"column":22}},"29":{"start":{"line":82,"column":4},"end":{"line":93,"column":7}},"30":{"start":{"line":96,"column":4},"end":{"line":96,"column":50}},"31":{"start":{"line":97,"column":4},"end":{"line":102,"column":5}},"32":{"start":{"line":98,"column":6},"end":{"line":101,"column":9}},"33":{"start":{"line":100,"column":39},"end":{"line":100,"column":48}},"34":{"start":{"line":103,"column":4},"end":{"line":106,"column":7}},"35":{"start":{"line":110,"column":0},"end":{"line":112,"column":2}}},"fnMap":{"0":{"name":"(anonymous_0)","decl":{"start":{"line":4,"column":22},"end":{"line":4,"column":23}},"loc":{"start":{"line":4,"column":42},"end":{"line":108,"column":1}},"line":4},"1":{"name":"(anonymous_1)","decl":{"start":{"line":100,"column":34},"end":{"line":100,"column":35}},"loc":{"start":{"line":100,"column":39},"end":{"line":100,"column":48}},"line":100}},"branchMap":{"0":{"loc":{"start":{"line":11,"column":4},"end":{"line":16,"column":5}},"type":"if","locations":[{"start":{"line":11,"column":4},"end":{"line":16,"column":5}},{"start":{},"end":{}}],"line":11},"1":{"loc":{"start":{"line":11,"column":8},"end":{"line":11,"column":23}},"type":"binary-expr","locations":[{"start":{"line":11,"column":8},"end":{"line":11,"column":13}},{"start":{"line":11,"column":17},"end":{"line":11,"column":23}}],"line":11},"2":{"loc":{"start":{"line":22,"column":4},"end":{"line":30,"column":5}},"type":"if","locations":[{"start":{"line":22,"column":4},"end":{"line":30,"column":5}},{"start":{},"end":{}}],"line":22},"3":{"loc":{"start":{"line":22,"column":8},"end":{"line":22,"column":55}},"type":"binary-expr","locations":[{"start":{"line":22,"column":8},"end":{"line":22,"column":25}},{"start":{"line":22,"column":29},"end":{"line":22,"column":41}},{"start":{"line":22,"column":45},"end":{"line":22,"column":55}}],"line":22},"4":{"loc":{"start":{"line":24,"column":6},"end":{"line":29,"column":7}},"type":"if","locations":[{"start":{"line":24,"column":6},"end":{"line":29,"column":7}},{"start":{},"end":{}}],"line":24},"5":{"loc":{"start":{"line":24,"column":10},"end":{"line":24,"column":44}},"type":"binary-expr","locations":[{"start":{"line":24,"column":10},"end":{"line":24,"column":26}},{"start":{"line":24,"column":30},"end":{"line":24,"column":44}}],"line":24},"6":{"loc":{"start":{"line":40,"column":4},"end":{"line":45,"column":5}},"type":"if","locations":[{"start":{"line":40,"column":4},"end":{"line":45,"column":5}},{"start":{},"end":{}}],"line":40},"7":{"loc":{"start":{"line":48,"column":28},"end":{"line":48,"column":73}},"type":"cond-expr","locations":[{"start":{"line":48,"column":54},"end":{"line":48,"column":66}},{"start":{"line":48,"column":69},"end":{"line":48,"column":73}}],"line":48},"8":{"loc":{"start":{"line":48,"column":29},"end":{"line":48,"column":50}},"type":"binary-expr","locations":[{"start":{"line":48,"column":29},"end":{"line":48,"column":34}},{"start":{"line":48,"column":38},"end":{"line":48,"column":50}}],"line":48},"9":{"loc":{"start":{"line":49,"column":4},"end":{"line":63,"column":5}},"type":"if","locations":[{"start":{"line":49,"column":4},"end":{"line":63,"column":5}},{"start":{},"end":{}}],"line":49},"10":{"loc":{"start":{"line":57,"column":6},"end":{"line":62,"column":7}},"type":"if","locations":[{"start":{"line":57,"column":6},"end":{"line":62,"column":7}},{"start":{},"end":{}}],"line":57},"11":{"loc":{"start":{"line":67,"column":4},"end":{"line":72,"column":5}},"type":"if","locations":[{"start":{"line":67,"column":4},"end":{"line":72,"column":5}},{"start":{},"end":{}}],"line":67},"12":{"loc":{"start":{"line":78,"column":15},"end":{"line":78,"column":91}},"type":"cond-expr","locations":[{"start":{"line":78,"column":67},"end":{"line":78,"column":84}},{"start":{"line":78,"column":87},"end":{"line":78,"column":91}}],"line":78},"13":{"loc":{"start":{"line":78,"column":16},"end":{"line":78,"column":63}},"type":"binary-expr","locations":[{"start":{"line":78,"column":16},"end":{"line":78,"column":33}},{"start":{"line":78,"column":37},"end":{"line":78,"column":49}},{"start":{"line":78,"column":53},"end":{"line":78,"column":63}}],"line":78},"14":{"loc":{"start":{"line":97,"column":4},"end":{"line":102,"column":5}},"type":"if","locations":[{"start":{"line":97,"column":4},"end":{"line":102,"column":5}},{"start":{},"end":{}}],"line":97}},"s":{"0":4,"1":4,"2":4,"3":5,"4":5,"5":5,"6":5,"7":1,"8":4,"9":4,"10":4,"11":4,"12":1,"13":3,"14":3,"15":1,"16":2,"17":2,"18":2,"19":2,"20":1,"21":1,"22":1,"23":0,"24":1,"25":1,"26":1,"27":1,"28":1,"29":1,"30":0,"31":0,"32":0,"33":0,"34":0,"35":4},"f":{"0":5,"1":0},"b":{"0":[1,4],"1":[5,4],"2":[4,0],"3":[4,4,4],"4":[1,3],"5":[4,4],"6":[1,2],"7":[2,0],"8":[2,2],"9":[2,0],"10":[1,1],"11":[0,1],"12":[1,0],"13":[1,1,1],"14":[0,0]},"_coverageSchema":"1a1c01bbd47fc00a2c39e90264f33305004495a9","hash":"ffcafeb846a71684af22eed0047e60e5de135432"}
,"C:\\Users\\prita\\OneDrive\\Desktop\\SMART-QUEUE\\backend\\src\\middleware\\auth.js": {"path":"C:\\Users\\prita\\OneDrive\\Desktop\\SMART-QUEUE\\backend\\src\\middleware\\auth.js","statementMap":{"0":{"start":{"line":1,"column":12},"end":{"line":1,"column":35}},"1":{"start":{"line":3,"column":21},"end":{"line":25,"column":1}},"2":{"start":{"line":4,"column":21},"end":{"line":4,"column":46}},"3":{"start":{"line":6,"column":2},"end":{"line":11,"column":3}},"4":{"start":{"line":7,"column":4},"end":{"line":10,"column":7}},"5":{"start":{"line":13,"column":16},"end":{"line":13,"column":40}},"6":{"start":{"line":15,"column":2},"end":{"line":24,"column":3}},"7":{"start":{"line":16,"column":20},"end":{"line":16,"column":61}},"8":{"start":{"line":17,"column":4},"end":{"line":17,"column":23}},"9":{"start":{"line":18,"column":4},"end":{"line":18,"column":11}},"10":{"start":{"line":20,"column":4},"end":{"line":23,"column":7}},"11":{"start":{"line":27,"column":0},"end":{"line":27,"column":30}}},"fnMap":{"0":{"name":"(anonymous_0)","decl":{"start":{"line":3,"column":21},"end":{"line":3,"column":22}},"loc":{"start":{"line":3,"column":41},"end":{"line":25,"column":1}},"line":3}},"branchMap":{"0":{"loc":{"start":{"line":6,"column":2},"end":{"line":11,"column":3}},"type":"if","locations":[{"start":{"line":6,"column":2},"end":{"line":11,"column":3}},{"start":{},"end":{}}],"line":6},"1":{"loc":{"start":{"line":6,"column":6},"end":{"line":6,"column":54}},"type":"binary-expr","locations":[{"start":{"line":6,"column":6},"end":{"line":6,"column":17}},{"start":{"line":6,"column":21},"end":{"line":6,"column":54}}],"line":6}},"s":{"0":4,"1":4,"2":9,"3":9,"4":3,"5":6,"6":6,"7":6,"8":5,"9":5,"10":1,"11":4},"f":{"0":9},"b":{"0":[3,6],"1":[9,7]},"_coverageSchema":"1a1c01bbd47fc00a2c39e90264f33305004495a9","hash":"281a27bf86f2af613bbd094da920a80ae2202738"}
,"C:\\Users\\prita\\OneDrive\\Desktop\\SMART-QUEUE\\backend\\src\\models\\department.js": {"path":"C:\\Users\\prita\\OneDrive\\Desktop\\SMART-QUEUE\\backend\\src\\models\\department.js","statementMap":{"0":{"start":{"line":3,"column":29},"end":{"line":3,"column":49}},"1":{"start":{"line":5,"column":0},"end":{"line":46,"column":2}},"2":{"start":{"line":8,"column":2},"end":{"line":43,"column":4}},"3":{"start":{"line":45,"column":2},"end":{"line":45,"column":20}}},"fnMap":{"0":{"name":"(anonymous_0)","decl":{"start":{"line":5,"column":17},"end":{"line":5,"column":18}},"loc":{"start":{"line":5,"column":32},"end":{"line":46,"column":1}},"line":5}},"branchMap":{},"s":{"0":4,"1":4,"2":4,"3":4},"f":{"0":4},"b":{},"_coverageSchema":"1a1c01bbd47fc00a2c39e90264f33305004495a9","hash":"1d95260c35c3717c3bcbac3c46e09420876fb02a"}
,"C:\\Users\\prita\\OneDrive\\Desktop\\SMART-QUEUE\\backend\\src\\models\\index.js": {"path":"C:\\Users\\prita\\OneDrive\\Desktop\\SMART-QUEUE\\backend\\src\\models\\index.js","statementMap":{"0":{"start":{"line":1,"column":18},"end":{"line":1,"column":47}},"1":{"start":{"line":3,"column":13},"end":{"line":3,"column":41}},"2":{"start":{"line":4,"column":19},"end":{"line":4,"column":53}},"3":{"start":{"line":5,"column":15},"end":{"line":5,"column":45}},"4":{"start":{"line":7,"column":0},"end":{"line":12,"column":2}}},"fnMap":{},"branchMap":{},"s":{"0":3,"1":3,"2":3,"3":3,"4":3},"f":{},"b":{},"_coverageSchema":"1a1c01bbd47fc00a2c39e90264f33305004495a9","hash":"61e097a0a79292ad98eb1ddde17c09b845041b63"}
,"C:\\Users\\prita\\OneDrive\\Desktop\\SMART-QUEUE\\backend\\src\\models\\ticket.js": {"path":"C:\\Users\\prita\\OneDrive\\Desktop\\SMART-QUEUE\\backend\\src\\models\\ticket.js","statementMap":{"0":{"start":{"line":3,"column":29},"end":{"line":3,"column":49}},"1":{"start":{"line":5,"column":0},"end":{"line":58,"column":2}},"2":{"start":{"line":8,"column":2},"end":{"line":55,"column":4}},"3":{"start":{"line":57,"column":2},"end":{"line":57,"column":16}}},"fnMap":{"0":{"name":"(anonymous_0)","decl":{"start":{"line":5,"column":17},"end":{"line":5,"column":18}},"loc":{"start":{"line":5,"column":32},"end":{"line":58,"column":1}},"line":5}},"branchMap":{},"s":{"0":4,"1":4,"2":4,"3":4},"f":{"0":4},"b":{},"_coverageSchema":"1a1c01bbd47fc00a2c39e90264f33305004495a9","hash":"5054cba8e00a993e1b113a15c96635e3ef4e48d9"}
,"C:\\Users\\prita\\OneDrive\\Desktop\\SMART-QUEUE\\backend\\src\\models\\user.js": {"path":"C:\\Users\\prita\\OneDrive\\Desktop\\SMART-QUEUE\\backend\\src\\models\\user.js","statementMap":{"0":{"start":{"line":3,"column":29},"end":{"line":3,"column":49}},"1":{"start":{"line":5,"column":0},"end":{"line":80,"column":2}},"2":{"start":{"line":8,"column":2},"end":{"line":77,"column":4}},"3":{"start":{"line":79,"column":2},"end":{"line":79,"column":14}}},"fnMap":{"0":{"name":"(anonymous_0)","decl":{"start":{"line":5,"column":17},"end":{"line":5,"column":18}},"loc":{"start":{"line":5,"column":32},"end":{"line":80,"column":1}},"line":5}},"branchMap":{},"s":{"0":4,"1":4,"2":4,"3":4},"f":{"0":4},"b":{},"_coverageSchema":"1a1c01bbd47fc00a2c39e90264f33305004495a9","hash":"0daf6b896681a0959a32086adaabaef412ec9acf"}
,"C:\\Users\\prita\\OneDrive\\Desktop\\SMART-QUEUE\\backend\\src\\routes\\auth.routes.js": {"path":"C:\\Users\\prita\\OneDrive\\Desktop\\SMART-QUEUE\\backend\\src\\routes\\auth.routes.js","statementMap":{"0":{"start":{"line":1,"column":16},"end":{"line":1,"column":34}},"1":{"start":{"line":2,"column":15},"end":{"line":2,"column":31}},"2":{"start":{"line":5,"column":28},"end":{"line":5,"column":69}},"3":{"start":{"line":8,"column":0},"end":{"line":8,"column":35}},"4":{"start":{"line":12,"column":0},"end":{"line":12,"column":29}},"5":{"start":{"line":14,"column":0},"end":{"line":14,"column":24}}},"fnMap":{},"branchMap":{},"s":{"0":4,"1":4,"2":4,"3":4,"4":4,"5":4},"f":{},"b":{},"_coverageSchema":"1a1c01bbd47fc00a2c39e90264f33305004495a9","hash":"881d5fc0c3102b963353b73f4b878addf07cf39d"}
,"C:\\Users\\prita\\OneDrive\\Desktop\\SMART-QUEUE\\backend\\src\\routes\\department.routes.js": {"path":"C:\\Users\\prita\\OneDrive\\Desktop\\SMART-QUEUE\\backend\\src\\routes\\department.routes.js","statementMap":{"0":{"start":{"line":1,"column":16},"end":{"line":1,"column":34}},"1":{"start":{"line":2,"column":15},"end":{"line":2,"column":31}},"2":{"start":{"line":3,"column":27},"end":{"line":3,"column":74}},"3":{"start":{"line":6,"column":0},"end":{"line":6,"column":32}},"4":{"start":{"line":8,"column":0},"end":{"line":8,"column":24}}},"fnMap":{},"branchMap":{},"s":{"0":4,"1":4,"2":4,"3":4,"4":4},"f":{},"b":{},"_coverageSchema":"1a1c01bbd47fc00a2c39e90264f33305004495a9","hash":"8d9ea8fabe8de183937aaccac075b7f9c2a0fcfd"}
,"C:\\Users\\prita\\OneDrive\\Desktop\\SMART-QUEUE\\backend\\src\\routes\\hospital.routes.js": {"path":"C:\\Users\\prita\\OneDrive\\Desktop\\SMART-QUEUE\\backend\\src\\routes\\hospital.routes.js","statementMap":{"0":{"start":{"line":1,"column":16},"end":{"line":1,"column":34}},"1":{"start":{"line":2,"column":15},"end":{"line":2,"column":31}},"2":{"start":{"line":3,"column":25},"end":{"line":3,"column":70}},"3":{"start":{"line":6,"column":0},"end":{"line":6,"column":30}},"4":{"start":{"line":8,"column":0},"end":{"line":8,"column":24}}},"fnMap":{},"branchMap":{},"s":{"0":4,"1":4,"2":4,"3":4,"4":4},"f":{},"b":{},"_coverageSchema":"1a1c01bbd47fc00a2c39e90264f33305004495a9","hash":"4fbfe017817b1fa193f3b25979949a6395d1ebd5"}
,"C:\\Users\\prita\\OneDrive\\Desktop\\SMART-QUEUE\\backend\\src\\routes\\queue.routes.js": {"path":"C:\\Users\\prita\\OneDrive\\Desktop\\SMART-QUEUE\\backend\\src\\routes\\queue.routes.js","statementMap":{"0":{"start":{"line":1,"column":16},"end":{"line":1,"column":34}},"1":{"start":{"line":2,"column":15},"end":{"line":2,"column":31}},"2":{"start":{"line":3,"column":21},"end":{"line":3,"column":50}},"3":{"start":{"line":9,"column":4},"end":{"line":9,"column":46}},"4":{"start":{"line":12,"column":0},"end":{"line":12,"column":69}},"5":{"start":{"line":15,"column":0},"end":{"line":15,"column":70}},"6":{"start":{"line":18,"column":0},"end":{"line":18,"column":71}},"7":{"start":{"line":21,"column":0},"end":{"line":21,"column":85}},"8":{"start":{"line":23,"column":0},"end":{"line":23,"column":24}}},"fnMap":{},"branchMap":{},"s":{"0":4,"1":4,"2":4,"3":4,"4":4,"5":4,"6":4,"7":4,"8":4},"f":{},"b":{},"_coverageSchema":"1a1c01bbd47fc00a2c39e90264f33305004495a9","hash":"23512b190d8fbeb88f188d7f362ad09fc6174a55"}
,"C:\\Users\\prita\\OneDrive\\Desktop\\SMART-QUEUE\\backend\\src\\routes\\ticket.routes.js": {"path":"C:\\Users\\prita\\OneDrive\\Desktop\\SMART-QUEUE\\backend\\src\\routes\\ticket.routes.js","statementMap":{"0":{"start":{"line":1,"column":16},"end":{"line":1,"column":34}},"1":{"start":{"line":2,"column":15},"end":{"line":2,"column":31}},"2":{"start":{"line":3,"column":21},"end":{"line":3,"column":50}},"3":{"start":{"line":10,"column":4},"end":{"line":10,"column":47}},"4":{"start":{"line":13,"column":0},"end":{"line":13,"column":47}},"5":{"start":{"line":16,"column":0},"end":{"line":16,"column":45}},"6":{"start":{"line":19,"column":0},"end":{"line":19,"column":46}},"7":{"start":{"line":22,"column":0},"end":{"line":22,"column":48}},"8":{"start":{"line":25,"column":0},"end":{"line":25,"column":62}},"9":{"start":{"line":27,"column":0},"end":{"line":27,"column":24}}},"fnMap":{},"branchMap":{},"s":{"0":4,"1":4,"2":4,"3":4,"4":4,"5":4,"6":4,"7":4,"8":4,"9":4},"f":{},"b":{},"_coverageSchema":"1a1c01bbd47fc00a2c39e90264f33305004495a9","hash":"dccb9e7e77a8a7241364d0d0a6499f71e59a9465"}
,"C:\\Users\\prita\\OneDrive\\Desktop\\SMART-QUEUE\\backend\\src\\routes\\user.routes.js": {"path":"C:\\Users\\prita\\OneDrive\\Desktop\\SMART-QUEUE\\backend\\src\\routes\\user.routes.js","statementMap":{"0":{"start":{"line":1,"column":16},"end":{"line":1,"column":34}},"1":{"start":{"line":2,"column":15},"end":{"line":2,"column":31}},"2":{"start":{"line":3,"column":21},"end":{"line":3,"column":50}},"3":{"start":{"line":4,"column":26},"end":{"line":4,"column":67}},"4":{"start":{"line":7,"column":0},"end":{"line":7,"column":52}},"5":{"start":{"line":9,"column":0},"end":{"line":9,"column":24}}},"fnMap":{},"branchMap":{},"s":{"0":4,"1":4,"2":4,"3":4,"4":4,"5":4},"f":{},"b":{},"_coverageSchema":"1a1c01bbd47fc00a2c39e90264f33305004495a9","hash":"dc193dbf6a4e92af1a03ce6a3cf74f547965c53a"}
}
