TN:
SF:src\app.js
FN:21,(anonymous_0)
FNF:1
FNH:1
FNDA:2,(anonymous_0)
DA:1,3
DA:2,3
DA:3,3
DA:4,3
DA:6,3
DA:7,3
DA:8,3
DA:11,3
DA:12,3
DA:13,3
DA:16,3
DA:17,3
DA:18,3
DA:21,3
DA:22,2
DA:28,3
LF:16
LH:16
BRF:0
BRH:0
end_of_record
TN:
SF:src\config\database.js
FNF:0
FNH:0
DA:1,4
DA:2,4
DA:4,4
DA:16,4
LF:4
LH:4
BRF:0
BRH:0
end_of_record
TN:
SF:src\controllers\auth.controller.js
FN:8,(anonymous_0)
FN:63,(anonymous_1)
FNF:2
FNH:2
FNDA:7,(anonymous_0)
FNDA:7,(anonymous_1)
DA:1,3
DA:2,3
DA:3,3
DA:8,3
DA:9,7
DA:10,7
DA:12,7
DA:13,4
DA:20,3
DA:24,2
DA:25,1
DA:32,1
DA:35,1
DA:42,1
DA:52,1
DA:53,1
DA:63,3
DA:64,7
DA:65,7
DA:68,7
DA:69,2
DA:76,5
DA:77,4
DA:78,1
DA:85,3
DA:86,3
DA:87,1
DA:94,2
DA:101,2
DA:113,1
DA:114,1
DA:124,3
LF:32
LH:32
BRDA:12,0,0,4
BRDA:12,0,1,3
BRDA:12,1,0,7
BRDA:12,1,1,6
BRDA:12,1,2,4
BRDA:24,2,0,1
BRDA:24,2,1,1
BRDA:68,3,0,2
BRDA:68,3,1,5
BRDA:68,4,0,7
BRDA:68,4,1,6
BRDA:77,5,0,1
BRDA:77,5,1,3
BRDA:86,6,0,1
BRDA:86,6,1,2
BRDA:97,7,0,2
BRDA:97,7,1,1
BRF:17
BRH:17
end_of_record
TN:
SF:src\controllers\queue.controller.js
FN:3,(anonymous_0)
FN:32,(anonymous_1)
FN:54,(anonymous_2)
FN:86,(anonymous_3)
FNF:4
FNH:4
FNDA:3,(anonymous_0)
FNDA:3,(anonymous_1)
FNDA:3,(anonymous_2)
FNDA:3,(anonymous_3)
DA:1,3
DA:3,3
DA:4,3
DA:5,3
DA:7,3
DA:12,2
DA:13,1
DA:19,1
DA:24,1
DA:25,1
DA:32,3
DA:33,3
DA:34,3
DA:36,3
DA:41,2
DA:46,1
DA:47,1
DA:54,3
DA:55,3
DA:56,3
DA:58,3
DA:63,2
DA:64,1
DA:70,1
DA:71,1
DA:73,1
DA:78,1
DA:79,1
DA:86,3
DA:87,3
DA:88,3
DA:90,3
DA:95,2
DA:96,1
DA:102,1
DA:103,1
DA:105,1
DA:111,1
DA:112,1
DA:119,3
LF:40
LH:40
BRDA:12,0,0,1
BRDA:12,0,1,1
BRDA:63,1,0,1
BRDA:63,1,1,1
BRDA:95,2,0,1
BRDA:95,2,1,1
BRF:6
BRH:6
end_of_record
TN:
SF:src\controllers\ticket.controller.js
FN:7,(anonymous_0)
FN:54,(anonymous_1)
FN:77,(anonymous_2)
FNF:3
FNH:3
FNDA:5,(anonymous_0)
FNDA:3,(anonymous_1)
FNDA:4,(anonymous_2)
DA:1,4
DA:2,4
DA:7,4
DA:8,5
DA:9,5
DA:11,5
DA:12,1
DA:19,4
DA:20,3
DA:21,1
DA:28,2
DA:30,2
DA:37,2
DA:43,1
DA:44,1
DA:54,4
DA:55,3
DA:56,3
DA:61,2
DA:66,1
DA:67,1
DA:77,4
DA:78,4
DA:79,4
DA:81,4
DA:84,3
DA:85,2
DA:91,1
DA:96,1
DA:97,1
DA:107,4
LF:31
LH:31
BRDA:11,0,0,1
BRDA:11,0,1,4
BRDA:20,1,0,1
BRDA:20,1,1,2
BRDA:84,2,0,2
BRDA:84,2,1,1
BRF:6
BRH:6
end_of_record
TN:
SF:src\middleware\auth.js
FN:3,(anonymous_0)
FNF:1
FNH:1
FNDA:9,(anonymous_0)
DA:1,4
DA:3,4
DA:4,9
DA:6,9
DA:7,3
DA:13,6
DA:15,6
DA:16,6
DA:17,5
DA:18,5
DA:20,1
DA:27,4
LF:12
LH:12
BRDA:6,0,0,3
BRDA:6,0,1,6
BRDA:6,1,0,9
BRDA:6,1,1,7
BRF:4
BRH:4
end_of_record
TN:
SF:src\models\department.js
FN:5,(anonymous_0)
FNF:1
FNH:1
FNDA:3,(anonymous_0)
DA:3,3
DA:5,3
DA:8,3
DA:45,3
LF:4
LH:4
BRF:0
BRH:0
end_of_record
TN:
SF:src\models\index.js
FNF:0
FNH:0
DA:1,2
DA:3,2
DA:4,2
DA:5,2
DA:7,2
LF:5
LH:5
BRF:0
BRH:0
end_of_record
TN:
SF:src\models\ticket.js
FN:5,(anonymous_0)
FNF:1
FNH:1
FNDA:3,(anonymous_0)
DA:3,3
DA:5,3
DA:8,3
DA:57,3
LF:4
LH:4
BRF:0
BRH:0
end_of_record
TN:
SF:src\models\user.js
FN:5,(anonymous_0)
FNF:1
FNH:1
FNDA:3,(anonymous_0)
DA:3,3
DA:5,3
DA:8,3
DA:62,3
LF:4
LH:4
BRF:0
BRH:0
end_of_record
TN:
SF:src\routes\auth.routes.js
FNF:0
FNH:0
DA:1,3
DA:2,3
DA:5,3
DA:8,3
DA:12,3
DA:14,3
LF:6
LH:6
BRF:0
BRH:0
end_of_record
TN:
SF:src\routes\queue.routes.js
FNF:0
FNH:0
DA:1,3
DA:2,3
DA:3,3
DA:9,3
DA:12,3
DA:15,3
DA:18,3
DA:21,3
DA:23,3
LF:9
LH:9
BRF:0
BRH:0
end_of_record
TN:
SF:src\routes\ticket.routes.js
FNF:0
FNH:0
DA:1,3
DA:2,3
DA:3,3
DA:4,3
DA:7,3
DA:10,3
DA:13,3
DA:15,3
LF:8
LH:8
BRF:0
BRH:0
end_of_record
