TN:
SF:src\app.js
FN:27,(anonymous_0)
FNF:1
FNH:1
FNDA:2,(anonymous_0)
DA:1,4
DA:2,4
DA:3,4
DA:4,4
DA:6,4
DA:7,4
DA:8,4
DA:9,4
DA:10,4
DA:11,4
DA:14,4
DA:15,4
DA:16,4
DA:19,4
DA:20,4
DA:21,4
DA:22,4
DA:23,4
DA:24,4
DA:27,4
DA:28,2
DA:34,4
LF:22
LH:22
BRF:0
BRH:0
end_of_record
TN:
SF:src\config\database.js
FNF:0
FNH:0
DA:1,5
DA:2,5
DA:4,5
DA:16,5
LF:4
LH:4
BRF:0
BRH:0
end_of_record
TN:
SF:src\controllers\auth.controller.js
FN:8,(anonymous_0)
FN:65,(anonymous_1)
FNF:2
FNH:2
FNDA:7,(anonymous_0)
FNDA:7,(anonymous_1)
DA:1,4
DA:2,4
DA:3,4
DA:8,4
DA:9,7
DA:10,7
DA:12,7
DA:13,4
DA:20,3
DA:24,2
DA:25,1
DA:32,1
DA:35,1
DA:42,1
DA:54,1
DA:55,1
DA:65,4
DA:66,7
DA:67,7
DA:70,7
DA:71,2
DA:78,5
DA:79,4
DA:80,1
DA:87,3
DA:88,3
DA:89,1
DA:96,2
DA:103,2
DA:117,1
DA:118,1
DA:128,4
LF:32
LH:32
BRDA:12,0,0,4
BRDA:12,0,1,3
BRDA:12,1,0,7
BRDA:12,1,1,6
BRDA:12,1,2,4
BRDA:24,2,0,1
BRDA:24,2,1,1
BRDA:70,3,0,2
BRDA:70,3,1,5
BRDA:70,4,0,7
BRDA:70,4,1,6
BRDA:79,5,0,1
BRDA:79,5,1,3
BRDA:88,6,0,1
BRDA:88,6,1,2
BRDA:99,7,0,2
BRDA:99,7,1,1
BRF:17
BRH:17
end_of_record
TN:
SF:src\controllers\department.controller.js
FN:4,(anonymous_0)
FNF:1
FNH:0
FNDA:0,(anonymous_0)
DA:1,4
DA:4,4
DA:5,0
DA:6,0
DA:11,0
DA:16,0
DA:17,0
DA:24,4
LF:8
LH:3
BRF:0
BRH:0
end_of_record
TN:
SF:src\controllers\hospital.controller.js
FN:4,(anonymous_0)
FN:10,(anonymous_1)
FN:31,(anonymous_2)
FN:47,(anonymous_3)
FN:62,(anonymous_4)
FN:76,(anonymous_5)
FNF:6
FNH:0
FNDA:0,(anonymous_0)
FNDA:0,(anonymous_1)
FNDA:0,(anonymous_2)
FNDA:0,(anonymous_3)
FNDA:0,(anonymous_4)
FNDA:0,(anonymous_5)
DA:1,4
DA:4,4
DA:5,0
DA:6,0
DA:9,0
DA:10,0
DA:11,0
DA:14,0
DA:31,0
DA:47,0
DA:62,0
DA:76,0
DA:80,0
DA:85,0
DA:86,0
DA:93,4
LF:16
LH:3
BRF:0
BRH:0
end_of_record
TN:
SF:src\controllers\queue.controller.js
FN:3,(anonymous_0)
FN:32,(anonymous_1)
FN:54,(anonymous_2)
FN:93,(anonymous_3)
FNF:4
FNH:4
FNDA:3,(anonymous_0)
FNDA:3,(anonymous_1)
FNDA:3,(anonymous_2)
FNDA:3,(anonymous_3)
DA:1,4
DA:3,4
DA:4,3
DA:5,3
DA:7,3
DA:12,2
DA:13,1
DA:19,1
DA:24,1
DA:25,1
DA:32,4
DA:33,3
DA:34,3
DA:36,3
DA:41,2
DA:46,1
DA:47,1
DA:54,4
DA:55,3
DA:56,3
DA:58,3
DA:63,2
DA:64,1
DA:70,1
DA:71,1
DA:74,1
DA:75,1
DA:76,0
DA:77,0
DA:80,1
DA:85,1
DA:86,1
DA:93,4
DA:94,3
DA:95,3
DA:97,3
DA:102,2
DA:103,1
DA:109,1
DA:110,1
DA:113,1
DA:114,1
DA:115,0
DA:116,0
DA:119,1
DA:125,1
DA:126,1
DA:133,4
LF:48
LH:44
BRDA:12,0,0,1
BRDA:12,0,1,1
BRDA:63,1,0,1
BRDA:63,1,1,1
BRDA:75,2,0,0
BRDA:75,2,1,1
BRDA:102,3,0,1
BRDA:102,3,1,1
BRDA:114,4,0,0
BRDA:114,4,1,1
BRF:10
BRH:8
end_of_record
TN:
SF:src\controllers\ticket.controller.js
FN:7,(anonymous_0)
FN:60,(anonymous_1)
FN:83,(anonymous_2)
FN:113,(anonymous_3)
FN:141,(anonymous_4)
FNF:5
FNH:3
FNDA:5,(anonymous_0)
FNDA:3,(anonymous_1)
FNDA:4,(anonymous_2)
FNDA:0,(anonymous_3)
FNDA:0,(anonymous_4)
DA:1,5
DA:2,5
DA:7,5
DA:8,5
DA:9,5
DA:11,5
DA:12,1
DA:19,4
DA:20,3
DA:21,1
DA:28,2
DA:30,2
DA:38,2
DA:39,2
DA:40,0
DA:43,2
DA:49,1
DA:50,1
DA:60,5
DA:61,3
DA:62,3
DA:67,2
DA:72,1
DA:73,1
DA:83,5
DA:84,4
DA:85,4
DA:87,4
DA:90,3
DA:91,2
DA:97,1
DA:102,1
DA:103,1
DA:113,5
DA:114,0
DA:115,0
DA:116,0
DA:117,0
DA:118,0
DA:120,0
DA:125,0
DA:130,0
DA:131,0
DA:141,5
DA:142,0
DA:143,0
DA:144,0
DA:146,0
DA:147,0
DA:153,0
DA:154,0
DA:155,0
DA:161,0
DA:162,0
DA:165,0
DA:166,0
DA:167,0
DA:168,0
DA:171,0
DA:177,0
DA:178,0
DA:188,5
LF:62
LH:35
BRDA:11,0,0,1
BRDA:11,0,1,4
BRDA:20,1,0,1
BRDA:20,1,1,2
BRDA:39,2,0,0
BRDA:39,2,1,2
BRDA:90,3,0,2
BRDA:90,3,1,1
BRDA:117,4,0,0
BRDA:117,4,1,0
BRDA:118,5,0,0
BRDA:118,5,1,0
BRDA:146,6,0,0
BRDA:146,6,1,0
BRDA:154,7,0,0
BRDA:154,7,1,0
BRDA:166,8,0,0
BRDA:166,8,1,0
BRF:18
BRH:7
end_of_record
TN:
SF:src\controllers\user.controller.js
FN:4,(anonymous_0)
FN:108,(anonymous_1)
FNF:2
FNH:1
FNDA:9,(anonymous_0)
FNDA:0,(anonymous_1)
DA:1,4
DA:2,4
DA:4,4
DA:5,9
DA:6,9
DA:9,9
DA:11,9
DA:12,1
DA:19,8
DA:22,8
DA:23,8
DA:24,8
DA:25,1
DA:33,7
DA:40,7
DA:41,1
DA:48,6
DA:49,6
DA:50,6
DA:51,6
DA:52,4
DA:58,2
DA:65,2
DA:66,1
DA:74,1
DA:75,1
DA:76,0
DA:83,1
DA:84,1
DA:85,1
DA:86,1
DA:88,1
DA:90,1
DA:104,0
DA:105,0
DA:106,0
DA:108,0
DA:111,0
DA:118,4
LF:39
LH:33
BRDA:11,0,0,1
BRDA:11,0,1,8
BRDA:11,1,0,9
BRDA:11,1,1,8
BRDA:22,2,0,8
BRDA:22,2,1,0
BRDA:22,3,0,8
BRDA:22,3,1,8
BRDA:22,3,2,8
BRDA:24,4,0,1
BRDA:24,4,1,7
BRDA:24,5,0,8
BRDA:24,5,1,8
BRDA:40,6,0,1
BRDA:40,6,1,6
BRDA:48,7,0,6
BRDA:48,7,1,0
BRDA:48,8,0,6
BRDA:48,8,1,6
BRDA:49,9,0,6
BRDA:49,9,1,0
BRDA:51,10,0,4
BRDA:51,10,1,2
BRDA:65,11,0,1
BRDA:65,11,1,1
BRDA:75,12,0,0
BRDA:75,12,1,1
BRDA:86,13,0,1
BRDA:86,13,1,0
BRDA:86,14,0,1
BRDA:86,14,1,1
BRDA:86,14,2,1
BRDA:105,15,0,0
BRDA:105,15,1,0
BRF:34
BRH:27
end_of_record
TN:
SF:src\middleware\auth.js
FN:3,(anonymous_0)
FNF:1
FNH:1
FNDA:9,(anonymous_0)
DA:1,4
DA:3,4
DA:4,9
DA:6,9
DA:7,3
DA:13,6
DA:15,6
DA:16,6
DA:17,5
DA:18,5
DA:20,1
DA:27,4
LF:12
LH:12
BRDA:6,0,0,3
BRDA:6,0,1,6
BRDA:6,1,0,9
BRDA:6,1,1,7
BRF:4
BRH:4
end_of_record
TN:
SF:src\models\department.js
FN:5,(anonymous_0)
FNF:1
FNH:1
FNDA:4,(anonymous_0)
DA:3,4
DA:5,4
DA:8,4
DA:45,4
LF:4
LH:4
BRF:0
BRH:0
end_of_record
TN:
SF:src\models\index.js
FNF:0
FNH:0
DA:1,3
DA:3,3
DA:4,3
DA:5,3
DA:7,3
LF:5
LH:5
BRF:0
BRH:0
end_of_record
TN:
SF:src\models\ticket.js
FN:5,(anonymous_0)
FNF:1
FNH:1
FNDA:4,(anonymous_0)
DA:3,4
DA:5,4
DA:8,4
DA:57,4
LF:4
LH:4
BRF:0
BRH:0
end_of_record
TN:
SF:src\models\user.js
FN:5,(anonymous_0)
FNF:1
FNH:1
FNDA:4,(anonymous_0)
DA:3,4
DA:5,4
DA:8,4
DA:89,4
LF:4
LH:4
BRF:0
BRH:0
end_of_record
TN:
SF:src\routes\auth.routes.js
FNF:0
FNH:0
DA:1,4
DA:2,4
DA:5,4
DA:8,4
DA:12,4
DA:14,4
LF:6
LH:6
BRF:0
BRH:0
end_of_record
TN:
SF:src\routes\department.routes.js
FNF:0
FNH:0
DA:1,4
DA:2,4
DA:3,4
DA:6,4
DA:8,4
LF:5
LH:5
BRF:0
BRH:0
end_of_record
TN:
SF:src\routes\hospital.routes.js
FNF:0
FNH:0
DA:1,4
DA:2,4
DA:3,4
DA:6,4
DA:8,4
LF:5
LH:5
BRF:0
BRH:0
end_of_record
TN:
SF:src\routes\queue.routes.js
FNF:0
FNH:0
DA:1,4
DA:2,4
DA:3,4
DA:9,4
DA:12,4
DA:15,4
DA:18,4
DA:21,4
DA:23,4
LF:9
LH:9
BRF:0
BRH:0
end_of_record
TN:
SF:src\routes\ticket.routes.js
FNF:0
FNH:0
DA:1,4
DA:2,4
DA:3,4
DA:10,4
DA:13,4
DA:16,4
DA:19,4
DA:22,4
DA:25,4
DA:27,4
LF:10
LH:10
BRF:0
BRH:0
end_of_record
TN:
SF:src\routes\user.routes.js
FNF:0
FNH:0
DA:1,4
DA:2,4
DA:3,4
DA:4,4
DA:7,4
DA:9,4
LF:6
LH:6
BRF:0
BRH:0
end_of_record
